<?xml version="1.0" encoding="UTF-8"?>
<testsuite xmlns:xsi="http://www.w3.org/2001/XMLSchema-instance" xsi:noNamespaceSchemaLocation="https://maven.apache.org/surefire/maven-surefire-plugin/xsd/surefire-test-report.xsd" version="3.0.2" name="com.example.program8.Program8ApplicationTests" time="5.579" tests="1" errors="0" skipped="0" failures="0" flakes="0">
  <properties>
[...]
</properties>
  <testcase name="contextLoads" classname="com.example.program8.Program8ApplicationTests" time="1.511">
    <system-out><![CDATA[07:36:24.583 [main] INFO org.springframework.test.context.support.AnnotationConfigContextLoaderUtils -- Could not detect default configuration classes for test class [com.example.program8.Program8ApplicationTests]: Program8ApplicationTests does not declare any static, non-private, non-final, nested classes annotated with @Configuration.
07:36:24.906 [main] INFO org.springframework.boot.test.context.SpringBootTestContextBootstrapper -- Found @SpringBootConfiguration com.example.program8.Program8Application for test class com.example.program8.Program8ApplicationTests

  .   ____          _            __ _ _
 /\\ / ___'_ __ _ _(_)_ __  __ _ \ \ \ \
( ( )\___ | '_ | '_| | '_ \/ _` | \ \ \ \
 \\/  ___)| |_)| | | | | || (_| |  ) ) ) )
  '  |____| .__|_| |_|_| |_\__, | / / / /
 =========|_|==============|___/=/_/_/_/

 :: Spring Boot ::      (v3.5.15-SNAPSHOT)

2026-05-14T07:36:26.031+05:30  INFO 12272 --- [program8] [           main] c.e.program8.Program8ApplicationTests    : Starting Program8ApplicationTests using Java 21.0.10 with PID 12272 (started by Sairaj in C:\Users\Sairaj\Downloads\program8\program8)
2026-05-14T07:36:26.033+05:30  INFO 12272 --- [program8] [           main] c.e.program8.Program8ApplicationTests    : No active profile set, falling back to 1 default profile: "default"
2026-05-14T07:36:28.307+05:30  INFO 12272 --- [program8] [           main] c.e.program8.Program8ApplicationTests    : Started Program8ApplicationTests in 3.011 seconds (process running for 5.267)
]]></system-out>
    <system-err><![CDATA[Mockito is currently self-attaching to enable the inline-mock-maker. This will no longer work in future releases of the JDK. Please add Mockito as an agent to your build as described in Mockito's documentation: https://javadoc.io/doc/org.mockito/mockito-core/latest/org.mockito/org/mockito/Mockito.html#0.3
WARNING: A Java agent has been loaded dynamically (C:\Users\Sairaj\.m2\repository\net\bytebuddy\byte-buddy-agent\1.17.8\byte-buddy-agent-1.17.8.jar)
WARNING: If a serviceability tool is in use, please run with -XX:+EnableDynamicAgentLoading to hide this warning
WARNING: If a serviceability tool is not in use, please run with -Djdk.instrument.traceUsage for more information
WARNING: Dynamic loading of agents will be disallowed by default in a future release
]]></system-err>
  </testcase>
</testsuite>